0 info it worked if it ends with ok
1 verbose cli [ '/usr/local/bin/node', '/usr/local/bin/npm', 'run', 'bff' ]
2 info using npm@3.10.3
3 info using node@v6.6.0
4 verbose run-script [ 'prebff', 'bff', 'postbff' ]
5 info lifecycle Vuuk@1.0.0~prebff: Vuuk@1.0.0
6 silly lifecycle Vuuk@1.0.0~prebff: no script for prebff, continuing
7 info lifecycle Vuuk@1.0.0~bff: Vuuk@1.0.0
8 verbose lifecycle Vuuk@1.0.0~bff: unsafe-perm in lifecycle true
9 verbose lifecycle Vuuk@1.0.0~bff: PATH: /usr/local/lib/node_modules/npm/bin/node-gyp-bin:/Users/chuck/Node/vuuk/node_modules/.bin:/usr/local/bin:/usr/local/bin:/usr/bin:/bin:/usr/sbin:/sbin
10 verbose lifecycle Vuuk@1.0.0~bff: CWD: /Users/chuck/Node/vuuk
11 silly lifecycle Vuuk@1.0.0~bff: Args: [ '-c', 'node ./build/server/index.js' ]
12 silly lifecycle Vuuk@1.0.0~bff: Returned: code: 1  signal: null
13 info lifecycle Vuuk@1.0.0~bff: Failed to exec bff script
14 verbose stack Error: Vuuk@1.0.0 bff: `node ./build/server/index.js`
14 verbose stack Exit status 1
14 verbose stack     at EventEmitter.<anonymous> (/usr/local/lib/node_modules/npm/lib/utils/lifecycle.js:242:16)
14 verbose stack     at emitTwo (events.js:106:13)
14 verbose stack     at EventEmitter.emit (events.js:191:7)
14 verbose stack     at ChildProcess.<anonymous> (/usr/local/lib/node_modules/npm/lib/utils/spawn.js:40:14)
14 verbose stack     at emitTwo (events.js:106:13)
14 verbose stack     at ChildProcess.emit (events.js:191:7)
14 verbose stack     at maybeClose (internal/child_process.js:877:16)
14 verbose stack     at Process.ChildProcess._handle.onexit (internal/child_process.js:226:5)
15 verbose pkgid Vuuk@1.0.0
16 verbose cwd /Users/chuck/Node/vuuk
17 error Darwin 16.4.0
18 error argv "/usr/local/bin/node" "/usr/local/bin/npm" "run" "bff"
19 error node v6.6.0
20 error npm  v3.10.3
21 error code ELIFECYCLE
22 error Vuuk@1.0.0 bff: `node ./build/server/index.js`
22 error Exit status 1
23 error Failed at the Vuuk@1.0.0 bff script 'node ./build/server/index.js'.
23 error Make sure you have the latest version of node.js and npm installed.
23 error If you do, this is most likely a problem with the Vuuk package,
23 error not with npm itself.
23 error Tell the author that this fails on your system:
23 error     node ./build/server/index.js
23 error You can get information on how to open an issue for this project with:
23 error     npm bugs Vuuk
23 error Or if that isn't available, you can get their info via:
23 error     npm owner ls Vuuk
23 error There is likely additional logging output above.
24 verbose exit [ 1, true ]
